


ARM Macro Assembler    Page 1 


    1 00000000         ;/******************************************************
                       ********************//**
    2 00000000         ; * @file     wb_init.s
    3 00000000         ; * @brief    N9H20 series startup code
    4 00000000         ; *
    5 00000000         ; * SPDX-License-Identifier: Apache-2.0
    6 00000000         ; * @copyright (C) 2020 Nuvoton Technology Corp. All rig
                       hts reserved.
    7 00000000         ; ******************************************************
                       ***********************/
    8 00000000         
    9 00000000                 AREA             WB_INIT, CODE, READONLY
   10 00000000         
   11 00000000         ;--------------------------------------------
   12 00000000         ; Mode bits and interrupt flag (I&F) defines
   13 00000000         ;--------------------------------------------
   14 00000000 00000010 
                       USR_MODE
                               EQU              0x10
   15 00000000 00000011 
                       FIQ_MODE
                               EQU              0x11
   16 00000000 00000012 
                       IRQ_MODE
                               EQU              0x12
   17 00000000 00000013 
                       SVC_MODE
                               EQU              0x13
   18 00000000 00000017 
                       ABT_MODE
                               EQU              0x17
   19 00000000 0000001B 
                       UDF_MODE
                               EQU              0x1B
   20 00000000 0000001F 
                       SYS_MODE
                               EQU              0x1F
   21 00000000         
   22 00000000 00000080 
                       I_BIT   EQU              0x80
   23 00000000 00000040 
                       F_BIT   EQU              0x40
   24 00000000         
   25 00000000         ;----------------------------
   26 00000000         ; System / User Stack Memory
   27 00000000         ;----------------------------
   28 00000000                 IF               :DEF:N9H20K1
   30                          ENDIF
   31 00000000         
   32 00000000                 IF               :DEF:N9H20K3
   34                          ENDIF
   35 00000000         
   36 00000000                 IF               :DEF:N9H20K5
   37 00000000 02000000 
                       RAM_Limit
                               EQU              0x2000000   ; For unexpanded ha
                                                            rdware board
   38 00000000                 ENDIF
   39 00000000         



ARM Macro Assembler    Page 2 


   40 00000000         
   41 00000000 02000000 
                       UND_Stack
                               EQU              RAM_Limit
   42 00000000 01FFFF00 
                       Abort_Stack
                               EQU              RAM_Limit-256
   43 00000000 01FFFE00 
                       IRQ_Stack
                               EQU              RAM_Limit-512 ; followed by IRQ
                                                             stack
   44 00000000 01FFFD00 
                       FIQ_Stack
                               EQU              RAM_Limit-768 ; followed by IRQ
                                                             stack
   45 00000000 01FFFC00 
                       SVC_Stack
                               EQU              RAM_Limit-1024 ; SVC stack at t
                                                            op of memory
   46 00000000 02000000 
                       USR_Stack
                               EQU              RAM_Limit
   47 00000000         
   48 00000000         
   49 00000000                 ENTRY
   50 00000000                 EXPORT           Reset_Go
   51 00000000         
   52 00000000         
   53 00000000                 EXPORT           Vector_Table
   54 00000000         Vector_Table
   55 00000000 EAFFFFFE        B                Reset_Go    ; Modified to be re
                                                            lative jumb for ext
                                                            ernal boot
   56 00000004 E59FF018        LDR              PC, Undefined_Addr
   57 00000008 E59FF018        LDR              PC, SWI_Addr
   58 0000000C E59FF018        LDR              PC, Prefetch_Addr
   59 00000010 E59FF018        LDR              PC, Abort_Addr
   60 00000014 00000000        DCD              0x0
   61 00000018 E59FF018        LDR              PC, IRQ_Addr
   62 0000001C E59FF018        LDR              PC, FIQ_Addr
   63 00000020         
   64 00000020         
   65 00000020 00000000 
                       Reset_Addr
                               DCD              Reset_Go
   66 00000024 00000000 
                       Undefined_Addr
                               DCD              Undefined_Handler
   67 00000028 00000000 
                       SWI_Addr
                               DCD              SWI_Handler1
   68 0000002C 00000000 
                       Prefetch_Addr
                               DCD              Prefetch_Handler
   69 00000030 00000000 
                       Abort_Addr
                               DCD              Abort_Handler
   70 00000034 00000000        DCD              0
   71 00000038 00000000 



ARM Macro Assembler    Page 3 


                       IRQ_Addr
                               DCD              IRQ_Handler
   72 0000003C 00000000 
                       FIQ_Addr
                               DCD              FIQ_Handler
   73 00000040         
   74 00000040         
   75 00000040         ; ************************
   76 00000040         ; Exception Handlers
   77 00000040         ; ************************
   78 00000040         
   79 00000040         ; The following dummy handlers do not do anything useful
                        in this example.
   80 00000040         ; They are set up here for completeness.
   81 00000040         
   82 00000040         Undefined_Handler
   83 00000040 EAFFFFFE        B                Undefined_Handler
   84 00000044         SWI_Handler1
   85 00000044 EAFFFFFE        B                SWI_Handler1
   86 00000048         Prefetch_Handler
   87 00000048 EAFFFFFE        B                Prefetch_Handler
   88 0000004C         Abort_Handler
   89 0000004C EAFFFFFE        B                Abort_Handler
   90 00000050         IRQ_Handler
   91 00000050 EAFFFFFE        B                IRQ_Handler
   92 00000054         FIQ_Handler
   93 00000054 EAFFFFFE        B                FIQ_Handler
   94 00000058         
   95 00000058         
   96 00000058         Reset_Go
   97 00000058         
   98 00000058         ;--------------------------------
   99 00000058         ; Initial Stack Pointer register
  100 00000058         ;--------------------------------
  101 00000058         ;INIT_STACK 
  102 00000058 E321F0DB        MSR              CPSR_c, #UDF_MODE :OR: I_BIT :O
R: F_BIT
  103 0000005C E59FD034        LDR              SP, =UND_Stack
  104 00000060         
  105 00000060 E321F0D7        MSR              CPSR_c, #ABT_MODE :OR: I_BIT :O
R: F_BIT
  106 00000064 E59FD030        LDR              SP, =Abort_Stack
  107 00000068         
  108 00000068 E321F0D2        MSR              CPSR_c, #IRQ_MODE :OR: I_BIT :O
R: F_BIT
  109 0000006C E59FD02C        LDR              SP, =IRQ_Stack
  110 00000070         
  111 00000070 E321F0D1        MSR              CPSR_c, #FIQ_MODE :OR: I_BIT :O
R: F_BIT
  112 00000074 E59FD028        LDR              SP, =FIQ_Stack
  113 00000078         
  114 00000078 E321F0DF        MSR              CPSR_c, #SYS_MODE :OR: I_BIT :O
R: F_BIT
  115 0000007C E59FD014        LDR              SP, =USR_Stack
  116 00000080         
  117 00000080 E321F0D3        MSR              CPSR_c, #SVC_MODE :OR: I_BIT :O
R: F_BIT
  118 00000084 E59FD01C        LDR              SP, =SVC_Stack
  119 00000088         



ARM Macro Assembler    Page 4 


  120 00000088         ;------------------------------------------------------
  121 00000088         ; Set the normal exception vector of CP15 control bit   
                        
  122 00000088         ;------------------------------------------------------ 
                          
  123 00000088 EE110F10        MRC              p15, 0, r0 , c1, c0 ; r0 := cp1
                                                            5 register 1
  124 0000008C E3C00A02        BIC              r0, r0, #0x2000 
                                                            ; Clear bit13 in r1
                                                            
  125 00000090 EE010F10        MCR              p15, 0, r0 , c1, c0 ; cp15 regi
                                                            ster 1 := r0
  126 00000094         
  127 00000094                 IF               :DEF:SYS_INIT
  203                          ENDIF
  204 00000094         
  205 00000094         
  206 00000094                 IMPORT           __main
  207 00000094         ;-----------------------------
  208 00000094         ;    enter the C code
  209 00000094         ;-----------------------------
  210 00000094 EAFFFFFE        B                __main
  211 00000098         
  212 00000098                 END
              02000000 
              01FFFF00 
              01FFFE00 
              01FFFD00 
              01FFFC00 
Command Line: --debug --xref --cpu=ARM926EJ-S --apcs=interwork --depend=.\n9h20
k5\wb_init.d -o.\n9h20k5\wb_init.o -IC:\Keil\ARM\RV31\INC -IC:\Keil\ARM\CMSIS\I
nclude -IC:\Keil\ARM\Inc\Toshiba --predefine="N9H20K5 SETA 1" --list=.\n9h20k5\
wb_init.lst ..\wb_init.s



ARM Macro Assembler    Page 1 Alphabetic symbol ordering
Relocatable symbols

Abort_Addr 00000030

Symbol: Abort_Addr
   Definitions
      At line 69 in file ..\wb_init.s
   Uses
      At line 59 in file ..\wb_init.s
Comment: Abort_Addr used once
Abort_Handler 0000004C

Symbol: Abort_Handler
   Definitions
      At line 88 in file ..\wb_init.s
   Uses
      At line 69 in file ..\wb_init.s
      At line 89 in file ..\wb_init.s

FIQ_Addr 0000003C

Symbol: FIQ_Addr
   Definitions
      At line 72 in file ..\wb_init.s
   Uses
      At line 62 in file ..\wb_init.s
Comment: FIQ_Addr used once
FIQ_Handler 00000054

Symbol: FIQ_Handler
   Definitions
      At line 92 in file ..\wb_init.s
   Uses
      At line 72 in file ..\wb_init.s
      At line 93 in file ..\wb_init.s

IRQ_Addr 00000038

Symbol: IRQ_Addr
   Definitions
      At line 71 in file ..\wb_init.s
   Uses
      At line 61 in file ..\wb_init.s
Comment: IRQ_Addr used once
IRQ_Handler 00000050

Symbol: IRQ_Handler
   Definitions
      At line 90 in file ..\wb_init.s
   Uses
      At line 71 in file ..\wb_init.s
      At line 91 in file ..\wb_init.s

Prefetch_Addr 0000002C

Symbol: Prefetch_Addr
   Definitions
      At line 68 in file ..\wb_init.s
   Uses
      At line 58 in file ..\wb_init.s
Comment: Prefetch_Addr used once



ARM Macro Assembler    Page 2 Alphabetic symbol ordering
Relocatable symbols

Prefetch_Handler 00000048

Symbol: Prefetch_Handler
   Definitions
      At line 86 in file ..\wb_init.s
   Uses
      At line 68 in file ..\wb_init.s
      At line 87 in file ..\wb_init.s

Reset_Addr 00000020

Symbol: Reset_Addr
   Definitions
      At line 65 in file ..\wb_init.s
   Uses
      None
Comment: Reset_Addr unused
Reset_Go 00000058

Symbol: Reset_Go
   Definitions
      At line 96 in file ..\wb_init.s
   Uses
      At line 50 in file ..\wb_init.s
      At line 55 in file ..\wb_init.s
      At line 65 in file ..\wb_init.s

SWI_Addr 00000028

Symbol: SWI_Addr
   Definitions
      At line 67 in file ..\wb_init.s
   Uses
      At line 57 in file ..\wb_init.s
Comment: SWI_Addr used once
SWI_Handler1 00000044

Symbol: SWI_Handler1
   Definitions
      At line 84 in file ..\wb_init.s
   Uses
      At line 67 in file ..\wb_init.s
      At line 85 in file ..\wb_init.s

Undefined_Addr 00000024

Symbol: Undefined_Addr
   Definitions
      At line 66 in file ..\wb_init.s
   Uses
      At line 56 in file ..\wb_init.s
Comment: Undefined_Addr used once
Undefined_Handler 00000040

Symbol: Undefined_Handler
   Definitions
      At line 82 in file ..\wb_init.s
   Uses
      At line 66 in file ..\wb_init.s



ARM Macro Assembler    Page 3 Alphabetic symbol ordering
Relocatable symbols

      At line 83 in file ..\wb_init.s

Vector_Table 00000000

Symbol: Vector_Table
   Definitions
      At line 54 in file ..\wb_init.s
   Uses
      At line 53 in file ..\wb_init.s
Comment: Vector_Table used once
WB_INIT 00000000

Symbol: WB_INIT
   Definitions
      At line 9 in file ..\wb_init.s
   Uses
      None
Comment: WB_INIT unused
16 symbols



ARM Macro Assembler    Page 1 Alphabetic symbol ordering
Absolute symbols

ABT_MODE 00000017

Symbol: ABT_MODE
   Definitions
      At line 18 in file ..\wb_init.s
   Uses
      At line 105 in file ..\wb_init.s
Comment: ABT_MODE used once
Abort_Stack 01FFFF00

Symbol: Abort_Stack
   Definitions
      At line 42 in file ..\wb_init.s
   Uses
      At line 106 in file ..\wb_init.s
Comment: Abort_Stack used once
FIQ_MODE 00000011

Symbol: FIQ_MODE
   Definitions
      At line 15 in file ..\wb_init.s
   Uses
      At line 111 in file ..\wb_init.s
Comment: FIQ_MODE used once
FIQ_Stack 01FFFD00

Symbol: FIQ_Stack
   Definitions
      At line 44 in file ..\wb_init.s
   Uses
      At line 112 in file ..\wb_init.s
Comment: FIQ_Stack used once
F_BIT 00000040

Symbol: F_BIT
   Definitions
      At line 23 in file ..\wb_init.s
   Uses
      At line 102 in file ..\wb_init.s
      At line 105 in file ..\wb_init.s
      At line 108 in file ..\wb_init.s
      At line 111 in file ..\wb_init.s
      At line 114 in file ..\wb_init.s
      At line 117 in file ..\wb_init.s

IRQ_MODE 00000012

Symbol: IRQ_MODE
   Definitions
      At line 16 in file ..\wb_init.s
   Uses
      At line 108 in file ..\wb_init.s
Comment: IRQ_MODE used once
IRQ_Stack 01FFFE00

Symbol: IRQ_Stack
   Definitions
      At line 43 in file ..\wb_init.s
   Uses



ARM Macro Assembler    Page 2 Alphabetic symbol ordering
Absolute symbols

      At line 109 in file ..\wb_init.s
Comment: IRQ_Stack used once
I_BIT 00000080

Symbol: I_BIT
   Definitions
      At line 22 in file ..\wb_init.s
   Uses
      At line 102 in file ..\wb_init.s
      At line 105 in file ..\wb_init.s
      At line 108 in file ..\wb_init.s
      At line 111 in file ..\wb_init.s
      At line 114 in file ..\wb_init.s
      At line 117 in file ..\wb_init.s

RAM_Limit 02000000

Symbol: RAM_Limit
   Definitions
      At line 37 in file ..\wb_init.s
   Uses
      At line 41 in file ..\wb_init.s
      At line 42 in file ..\wb_init.s
      At line 43 in file ..\wb_init.s
      At line 44 in file ..\wb_init.s
      At line 45 in file ..\wb_init.s
      At line 46 in file ..\wb_init.s

SVC_MODE 00000013

Symbol: SVC_MODE
   Definitions
      At line 17 in file ..\wb_init.s
   Uses
      At line 117 in file ..\wb_init.s
Comment: SVC_MODE used once
SVC_Stack 01FFFC00

Symbol: SVC_Stack
   Definitions
      At line 45 in file ..\wb_init.s
   Uses
      At line 118 in file ..\wb_init.s
Comment: SVC_Stack used once
SYS_MODE 0000001F

Symbol: SYS_MODE
   Definitions
      At line 20 in file ..\wb_init.s
   Uses
      At line 114 in file ..\wb_init.s
Comment: SYS_MODE used once
UDF_MODE 0000001B

Symbol: UDF_MODE
   Definitions
      At line 19 in file ..\wb_init.s
   Uses
      At line 102 in file ..\wb_init.s



ARM Macro Assembler    Page 3 Alphabetic symbol ordering
Absolute symbols

Comment: UDF_MODE used once
UND_Stack 02000000

Symbol: UND_Stack
   Definitions
      At line 41 in file ..\wb_init.s
   Uses
      At line 103 in file ..\wb_init.s
Comment: UND_Stack used once
USR_MODE 00000010

Symbol: USR_MODE
   Definitions
      At line 14 in file ..\wb_init.s
   Uses
      None
Comment: USR_MODE unused
USR_Stack 02000000

Symbol: USR_Stack
   Definitions
      At line 46 in file ..\wb_init.s
   Uses
      At line 115 in file ..\wb_init.s
Comment: USR_Stack used once
16 symbols



ARM Macro Assembler    Page 1 Alphabetic symbol ordering
External symbols

__main 00000000

Symbol: __main
   Definitions
      At line 206 in file ..\wb_init.s
   Uses
      At line 210 in file ..\wb_init.s
Comment: __main used once
1 symbol
372 symbols in table
